<?xml version="1.0" encoding="UTF-8"?>
<coverage generated="1698076625294" clover="3.2.0">
  <project timestamp="1698076625294" name="All files">
    <metrics statements="140" coveredstatements="114" conditionals="58" coveredconditionals="48" methods="73" coveredmethods="56" elements="271" coveredelements="218" complexity="0" loc="140" ncloc="140" packages="3" files="12" classes="12"/>
    <package name="src">
      <metrics statements="3" coveredstatements="2" conditionals="4" coveredconditionals="2" methods="2" coveredmethods="1"/>
      <file name="App.tsx" path="/Users/nicolekinsella/Task11/Task11/src/App.tsx">
        <metrics statements="3" coveredstatements="2" conditionals="4" coveredconditionals="2" methods="2" coveredmethods="1"/>
        <line num="8" count="1" type="stmt"/>
        <line num="10" count="1" type="stmt"/>
        <line num="16" count="0" type="stmt"/>
      </file>
    </package>
    <package name="src.interfaces">
      <metrics statements="0" coveredstatements="0" conditionals="0" coveredconditionals="0" methods="0" coveredmethods="0"/>
      <file name="question.ts" path="/Users/nicolekinsella/Task11/Task11/src/interfaces/question.ts">
        <metrics statements="0" coveredstatements="0" conditionals="0" coveredconditionals="0" methods="0" coveredmethods="0"/>
      </file>
      <file name="quiz.ts" path="/Users/nicolekinsella/Task11/Task11/src/interfaces/quiz.ts">
        <metrics statements="0" coveredstatements="0" conditionals="0" coveredconditionals="0" methods="0" coveredmethods="0"/>
      </file>
    </package>
    <package name="src.quizzer">
      <metrics statements="137" coveredstatements="112" conditionals="54" coveredconditionals="46" methods="71" coveredmethods="55"/>
      <file name="AddQuizModal.tsx" path="/Users/nicolekinsella/Task11/Task11/src/quizzer/AddQuizModal.tsx">
        <metrics statements="14" coveredstatements="9" conditionals="0" coveredconditionals="0" methods="5" coveredmethods="2"/>
        <line num="4" count="2" type="stmt"/>
        <line num="12" count="32" type="stmt"/>
        <line num="13" count="32" type="stmt"/>
        <line num="15" count="32" type="stmt"/>
        <line num="16" count="1" type="stmt"/>
        <line num="17" count="1" type="stmt"/>
        <line num="18" count="1" type="stmt"/>
        <line num="19" count="1" type="stmt"/>
        <line num="22" count="32" type="stmt"/>
        <line num="35" count="0" type="stmt"/>
        <line num="43" count="0" type="stmt"/>
        <line num="51" count="0" type="stmt"/>
        <line num="52" count="0" type="stmt"/>
        <line num="53" count="0" type="stmt"/>
      </file>
      <file name="QuestionEdit.tsx" path="/Users/nicolekinsella/Task11/Task11/src/quizzer/QuestionEdit.tsx">
        <metrics statements="30" coveredstatements="14" conditionals="12" coveredconditionals="8" methods="15" coveredmethods="6"/>
        <line num="7" count="2" type="stmt"/>
        <line num="21" count="54" type="stmt"/>
        <line num="22" count="53" type="stmt"/>
        <line num="25" count="54" type="stmt"/>
        <line num="26" count="0" type="stmt"/>
        <line num="28" count="0" type="cond" truecount="0" falsecount="2"/>
        <line num="29" count="0" type="stmt"/>
        <line num="37" count="54" type="stmt"/>
        <line num="38" count="1" type="stmt"/>
        <line num="39" count="1" type="stmt"/>
        <line num="47" count="54" type="stmt"/>
        <line num="48" count="0" type="stmt"/>
        <line num="49" count="0" type="stmt"/>
        <line num="52" count="54" type="stmt"/>
        <line num="56" count="0" type="stmt"/>
        <line num="57" count="0" type="stmt"/>
        <line num="58" count="0" type="stmt"/>
        <line num="65" count="54" type="stmt"/>
        <line num="66" count="0" type="stmt"/>
        <line num="67" count="0" type="stmt"/>
        <line num="68" count="0" type="stmt"/>
        <line num="74" count="54" type="stmt"/>
        <line num="91" count="0" type="stmt"/>
        <line num="164" count="0" type="stmt"/>
        <line num="177" count="81" type="stmt"/>
        <line num="198" count="0" type="stmt"/>
        <line num="216" count="2" type="stmt"/>
        <line num="225" count="0" type="stmt"/>
        <line num="241" count="1" type="stmt"/>
        <line num="250" count="0" type="stmt"/>
      </file>
      <file name="QuizCard.tsx" path="/Users/nicolekinsella/Task11/Task11/src/quizzer/QuizCard.tsx">
        <metrics statements="5" coveredstatements="5" conditionals="5" coveredconditionals="4" methods="3" coveredmethods="3"/>
        <line num="7" count="2" type="stmt"/>
        <line num="13" count="90" type="stmt"/>
        <line num="15" count="356" type="cond" truecount="3" falsecount="0"/>
        <line num="18" count="90" type="stmt"/>
        <line num="24" count="10" type="stmt"/>
      </file>
      <file name="QuizEdit.tsx" path="/Users/nicolekinsella/Task11/Task11/src/quizzer/QuizEdit.tsx">
        <metrics statements="25" coveredstatements="21" conditionals="6" coveredconditionals="6" methods="15" coveredmethods="11"/>
        <line num="9" count="2" type="stmt"/>
        <line num="21" count="13" type="stmt"/>
        <line num="23" count="13" type="stmt"/>
        <line num="24" count="2" type="stmt"/>
        <line num="26" count="8" type="cond" truecount="2" falsecount="0"/>
        <line num="31" count="13" type="stmt"/>
        <line num="32" count="0" type="stmt"/>
        <line num="34" count="0" type="stmt"/>
        <line num="38" count="13" type="stmt"/>
        <line num="39" count="5" type="stmt"/>
        <line num="42" count="13" type="stmt"/>
        <line num="43" count="2" type="stmt"/>
        <line num="47" count="8" type="cond" truecount="2" falsecount="0"/>
        <line num="48" count="6" type="cond" truecount="2" falsecount="0"/>
        <line num="49" count="4" type="stmt"/>
        <line num="55" count="13" type="stmt"/>
        <line num="67" count="0" type="stmt"/>
        <line num="84" count="2" type="stmt"/>
        <line num="97" count="0" type="stmt"/>
        <line num="105" count="54" type="stmt"/>
        <line num="121" count="1" type="stmt"/>
        <line num="147" count="5" type="stmt"/>
        <line num="148" count="5" type="stmt"/>
        <line num="160" count="1" type="stmt"/>
        <line num="161" count="1" type="stmt"/>
      </file>
      <file name="QuizExpanded.tsx" path="/Users/nicolekinsella/Task11/Task11/src/quizzer/QuizExpanded.tsx">
        <metrics statements="25" coveredstatements="25" conditionals="7" coveredconditionals="6" methods="12" coveredmethods="12"/>
        <line num="9" count="2" type="stmt"/>
        <line num="19" count="20" type="stmt"/>
        <line num="21" count="81" type="cond" truecount="3" falsecount="0"/>
        <line num="24" count="20" type="stmt"/>
        <line num="25" count="20" type="stmt"/>
        <line num="29" count="20" type="stmt"/>
        <line num="30" count="2" type="stmt"/>
        <line num="31" count="2" type="stmt"/>
        <line num="32" count="2" type="stmt"/>
        <line num="35" count="20" type="stmt"/>
        <line num="36" count="46" type="stmt"/>
        <line num="40" count="20" type="stmt"/>
        <line num="41" count="2" type="stmt"/>
        <line num="44" count="20" type="stmt"/>
        <line num="45" count="7" type="stmt"/>
        <line num="46" count="7" type="stmt"/>
        <line num="49" count="28" type="stmt"/>
        <line num="53" count="7" type="stmt"/>
        <line num="56" count="20" type="stmt"/>
        <line num="57" count="2" type="stmt"/>
        <line num="59" count="8" type="cond" truecount="2" falsecount="0"/>
        <line num="63" count="20" type="stmt"/>
        <line num="78" count="6" type="stmt"/>
        <line num="79" count="6" type="stmt"/>
        <line num="95" count="46" type="stmt"/>
      </file>
      <file name="QuizList.tsx" path="/Users/nicolekinsella/Task11/Task11/src/quizzer/QuizList.tsx">
        <metrics statements="9" coveredstatements="9" conditionals="4" coveredconditionals="4" methods="5" coveredmethods="5"/>
        <line num="8" count="2" type="stmt"/>
        <line num="18" count="42" type="stmt"/>
        <line num="20" count="42" type="stmt"/>
        <line num="21" count="10" type="stmt"/>
        <line num="24" count="42" type="stmt"/>
        <line num="25" count="1" type="stmt"/>
        <line num="28" count="42" type="stmt"/>
        <line num="33" count="90" type="stmt"/>
        <line num="45" count="210" type="cond" truecount="2" falsecount="0"/>
      </file>
      <file name="QuizQuestion.tsx" path="/Users/nicolekinsella/Task11/Task11/src/quizzer/QuizQuestion.tsx">
        <metrics statements="10" coveredstatements="10" conditionals="14" coveredconditionals="12" methods="4" coveredmethods="4"/>
        <line num="8" count="2" type="stmt"/>
        <line num="22" count="46" type="stmt"/>
        <line num="23" count="2" type="cond" truecount="1" falsecount="1"/>
        <line num="24" count="2" type="stmt"/>
        <line num="28" count="46" type="stmt"/>
        <line num="29" count="2" type="stmt"/>
        <line num="30" count="2" type="cond" truecount="1" falsecount="1"/>
        <line num="31" count="2" type="stmt"/>
        <line num="35" count="46" type="stmt"/>
        <line num="61" count="72" type="stmt"/>
      </file>
      <file name="QuizView.tsx" path="/Users/nicolekinsella/Task11/Task11/src/quizzer/QuizView.tsx">
        <metrics statements="5" coveredstatements="5" conditionals="4" coveredconditionals="4" methods="2" coveredmethods="2"/>
        <line num="8" count="2" type="stmt"/>
        <line num="18" count="24" type="stmt"/>
        <line num="20" count="24" type="stmt"/>
        <line num="21" count="11" type="stmt"/>
        <line num="24" count="24" type="stmt"/>
      </file>
      <file name="Quizzer.tsx" path="/Users/nicolekinsella/Task11/Task11/src/quizzer/Quizzer.tsx">
        <metrics statements="14" coveredstatements="14" conditionals="2" coveredconditionals="2" methods="10" coveredmethods="10"/>
        <line num="10" count="2" type="stmt"/>
        <line num="11" count="10" type="stmt"/>
        <line num="14" count="40" type="stmt"/>
        <line num="23" count="2" type="stmt"/>
        <line num="24" count="32" type="stmt"/>
        <line num="25" count="32" type="stmt"/>
        <line num="28" count="14" type="stmt"/>
        <line num="29" count="70" type="cond" truecount="2" falsecount="0"/>
        <line num="34" count="1" type="stmt"/>
        <line num="35" count="1" type="stmt"/>
        <line num="39" count="5" type="stmt"/>
        <line num="42" count="32" type="stmt"/>
        <line num="43" count="32" type="stmt"/>
        <line num="45" count="32" type="stmt"/>
      </file>
    </package>
  </project>
</coverage>
