TN:
SF:src/App.tsx
FN:7,App
FN:15,(anonymous_1)
FNF:2
FNH:1
FNDA:1,App
FNDA:0,(anonymous_1)
DA:8,1
DA:10,1
DA:16,0
LF:3
LH:2
BRDA:19,0,0,1
BRDA:19,0,1,0
BRDA:22,1,0,1
BRDA:22,1,1,0
BRF:4
BRH:2
end_of_record
TN:
SF:src/interfaces/question.ts
FNF:0
FNH:0
LF:0
LH:0
BRF:0
BRH:0
end_of_record
TN:
SF:src/interfaces/quiz.ts
FNF:0
FNH:0
LF:0
LH:0
BRF:0
BRH:0
end_of_record
TN:
SF:src/quizzer/AddQuizModal.tsx
FN:4,(anonymous_0)
FN:15,(anonymous_1)
FN:33,(anonymous_2)
FN:42,(anonymous_3)
FN:50,(anonymous_4)
FNF:5
FNH:2
FNDA:32,(anonymous_0)
FNDA:1,(anonymous_1)
FNDA:0,(anonymous_2)
FNDA:0,(anonymous_3)
FNDA:0,(anonymous_4)
DA:4,2
DA:12,32
DA:13,32
DA:15,32
DA:16,1
DA:17,1
DA:18,1
DA:19,1
DA:22,32
DA:35,0
DA:43,0
DA:51,0
DA:52,0
DA:53,0
LF:14
LH:9
BRF:0
BRH:0
end_of_record
TN:
SF:src/quizzer/QuestionEdit.tsx
FN:7,(anonymous_0)
FN:22,(anonymous_1)
FN:25,(anonymous_2)
FN:37,(anonymous_3)
FN:47,(anonymous_4)
FN:52,(anonymous_5)
FN:65,(anonymous_6)
FN:88,(anonymous_7)
FN:161,(anonymous_8)
FN:176,(anonymous_9)
FN:195,(anonymous_10)
FN:215,(anonymous_11)
FN:224,(anonymous_12)
FN:240,(anonymous_13)
FN:249,(anonymous_14)
FNF:15
FNH:6
FNDA:54,(anonymous_0)
FNDA:53,(anonymous_1)
FNDA:0,(anonymous_2)
FNDA:1,(anonymous_3)
FNDA:0,(anonymous_4)
FNDA:0,(anonymous_5)
FNDA:0,(anonymous_6)
FNDA:0,(anonymous_7)
FNDA:0,(anonymous_8)
FNDA:81,(anonymous_9)
FNDA:0,(anonymous_10)
FNDA:2,(anonymous_11)
FNDA:0,(anonymous_12)
FNDA:1,(anonymous_13)
FNDA:0,(anonymous_14)
DA:7,2
DA:21,54
DA:22,53
DA:25,54
DA:26,0
DA:28,0
DA:29,0
DA:37,54
DA:38,1
DA:39,1
DA:47,54
DA:48,0
DA:49,0
DA:52,54
DA:56,0
DA:57,0
DA:58,0
DA:65,54
DA:66,0
DA:67,0
DA:68,0
DA:74,54
DA:91,0
DA:164,0
DA:177,81
DA:198,0
DA:216,2
DA:225,0
DA:241,1
DA:250,0
LF:30
LH:14
BRDA:28,0,0,0
BRDA:28,0,1,0
BRDA:61,1,0,0
BRDA:61,1,1,0
BRDA:110,2,0,13
BRDA:110,2,1,41
BRDA:141,3,0,54
BRDA:141,3,1,27
BRDA:156,4,0,54
BRDA:156,4,1,27
BRDA:172,5,0,54
BRDA:172,5,1,27
BRF:12
BRH:8
end_of_record
TN:
SF:src/quizzer/QuizCard.tsx
FN:7,(anonymous_0)
FN:14,(anonymous_1)
FN:23,(anonymous_2)
FNF:3
FNH:3
FNDA:90,(anonymous_0)
FNDA:356,(anonymous_1)
FNDA:10,(anonymous_2)
DA:7,2
DA:13,90
DA:15,356
DA:18,90
DA:24,10
LF:5
LH:5
BRDA:15,0,0,356
BRDA:15,0,1,302
BRDA:15,0,2,160
BRDA:31,1,0,90
BRDA:31,1,1,0
BRF:5
BRH:4
end_of_record
TN:
SF:src/quizzer/QuizEdit.tsx
FN:9,(anonymous_0)
FN:23,(anonymous_1)
FN:26,(anonymous_2)
FN:31,(anonymous_3)
FN:34,(anonymous_4)
FN:38,(anonymous_5)
FN:42,(anonymous_6)
FN:46,(anonymous_7)
FN:64,(anonymous_8)
FN:81,(anonymous_9)
FN:96,(anonymous_10)
FN:104,(anonymous_11)
FN:120,(anonymous_12)
FN:146,(anonymous_13)
FN:159,(anonymous_14)
FNF:15
FNH:11
FNDA:13,(anonymous_0)
FNDA:2,(anonymous_1)
FNDA:8,(anonymous_2)
FNDA:0,(anonymous_3)
FNDA:0,(anonymous_4)
FNDA:5,(anonymous_5)
FNDA:2,(anonymous_6)
FNDA:8,(anonymous_7)
FNDA:0,(anonymous_8)
FNDA:2,(anonymous_9)
FNDA:0,(anonymous_10)
FNDA:54,(anonymous_11)
FNDA:1,(anonymous_12)
FNDA:5,(anonymous_13)
FNDA:1,(anonymous_14)
DA:9,2
DA:21,13
DA:23,13
DA:24,2
DA:26,8
DA:31,13
DA:32,0
DA:34,0
DA:38,13
DA:39,5
DA:42,13
DA:43,2
DA:47,8
DA:48,6
DA:49,4
DA:55,13
DA:67,0
DA:84,2
DA:97,0
DA:105,54
DA:121,1
DA:147,5
DA:148,5
DA:160,1
DA:161,1
LF:25
LH:21
BRDA:26,0,0,2
BRDA:26,0,1,6
BRDA:47,1,0,2
BRDA:47,1,1,6
BRDA:48,2,0,2
BRDA:48,2,1,4
BRF:6
BRH:6
end_of_record
TN:
SF:src/quizzer/QuizExpanded.tsx
FN:9,(anonymous_0)
FN:20,(anonymous_1)
FN:29,(anonymous_2)
FN:36,(anonymous_3)
FN:40,(anonymous_4)
FN:41,(anonymous_5)
FN:44,(anonymous_6)
FN:49,(anonymous_7)
FN:56,(anonymous_8)
FN:59,(anonymous_9)
FN:77,(anonymous_10)
FN:94,(anonymous_11)
FNF:12
FNH:12
FNDA:20,(anonymous_0)
FNDA:81,(anonymous_1)
FNDA:2,(anonymous_2)
FNDA:46,(anonymous_3)
FNDA:2,(anonymous_4)
FNDA:2,(anonymous_5)
FNDA:7,(anonymous_6)
FNDA:28,(anonymous_7)
FNDA:2,(anonymous_8)
FNDA:8,(anonymous_9)
FNDA:6,(anonymous_10)
FNDA:46,(anonymous_11)
DA:9,2
DA:19,20
DA:21,81
DA:24,20
DA:25,20
DA:29,20
DA:30,2
DA:31,2
DA:32,2
DA:35,20
DA:36,46
DA:40,20
DA:41,2
DA:44,20
DA:45,7
DA:46,7
DA:49,28
DA:53,7
DA:56,20
DA:57,2
DA:59,8
DA:63,20
DA:78,6
DA:79,6
DA:95,46
LF:25
LH:25
BRDA:21,0,0,81
BRDA:21,0,1,72
BRDA:21,0,2,44
BRDA:59,1,0,2
BRDA:59,1,1,6
BRDA:70,2,0,20
BRDA:70,2,1,0
BRF:7
BRH:6
end_of_record
TN:
SF:src/quizzer/QuizList.tsx
FN:8,(anonymous_0)
FN:20,(anonymous_1)
FN:24,(anonymous_2)
FN:32,(anonymous_3)
FN:44,(anonymous_4)
FNF:5
FNH:5
FNDA:42,(anonymous_0)
FNDA:10,(anonymous_1)
FNDA:1,(anonymous_2)
FNDA:90,(anonymous_3)
FNDA:210,(anonymous_4)
DA:8,2
DA:18,42
DA:20,42
DA:21,10
DA:24,42
DA:25,1
DA:28,42
DA:33,90
DA:45,210
LF:9
LH:9
BRDA:30,0,0,42
BRDA:30,0,1,18
BRDA:45,1,0,24
BRDA:45,1,1,186
BRF:4
BRH:4
end_of_record
TN:
SF:src/quizzer/QuizQuestion.tsx
FN:8,(anonymous_0)
FN:22,(anonymous_1)
FN:28,(anonymous_2)
FN:60,(anonymous_3)
FNF:4
FNH:4
FNDA:46,(anonymous_0)
FNDA:2,(anonymous_1)
FNDA:2,(anonymous_2)
FNDA:72,(anonymous_3)
DA:8,2
DA:22,46
DA:23,2
DA:24,2
DA:28,46
DA:29,2
DA:30,2
DA:31,2
DA:35,46
DA:61,72
LF:10
LH:10
BRDA:23,0,0,2
BRDA:23,0,1,0
BRDA:30,1,0,2
BRDA:30,1,1,0
BRDA:44,2,0,3
BRDA:44,2,1,43
BRDA:48,3,0,46
BRDA:48,3,1,22
BRDA:57,4,0,46
BRDA:57,4,1,24
BRDA:75,5,0,2
BRDA:75,5,1,44
BRDA:76,6,0,4
BRDA:76,6,1,42
BRF:14
BRH:12
end_of_record
TN:
SF:src/quizzer/QuizView.tsx
FN:8,(anonymous_0)
FN:20,(anonymous_1)
FNF:2
FNH:2
FNDA:24,(anonymous_0)
FNDA:11,(anonymous_1)
DA:8,2
DA:18,24
DA:20,24
DA:21,11
DA:24,24
LF:5
LH:5
BRDA:26,0,0,24
BRDA:26,0,1,6
BRDA:35,1,0,24
BRDA:35,1,1,18
BRF:4
BRH:4
end_of_record
TN:
SF:src/quizzer/Quizzer.tsx
FN:11,(anonymous_0)
FN:14,(anonymous_1)
FN:23,(anonymous_2)
FN:27,editQuiz
FN:29,(anonymous_4)
FN:33,addQuiz
FN:38,deleteQuiz
FN:39,(anonymous_7)
FN:42,(anonymous_8)
FN:43,(anonymous_9)
FNF:10
FNH:10
FNDA:10,(anonymous_0)
FNDA:40,(anonymous_1)
FNDA:32,(anonymous_2)
FNDA:14,editQuiz
FNDA:70,(anonymous_4)
FNDA:1,addQuiz
FNDA:1,deleteQuiz
FNDA:5,(anonymous_7)
FNDA:1,(anonymous_8)
FNDA:1,(anonymous_9)
DA:10,2
DA:11,10
DA:14,40
DA:23,2
DA:24,32
DA:25,32
DA:28,14
DA:29,70
DA:34,1
DA:35,1
DA:39,5
DA:42,32
DA:43,32
DA:45,32
LF:14
LH:14
BRDA:29,0,0,14
BRDA:29,0,1,56
BRF:2
BRH:2
end_of_record
