TN:
SF:src/App.tsx
FN:7,App
FN:15,(anonymous_1)
FNF:2
FNH:1
FNDA:1,App
FNDA:0,(anonymous_1)
DA:8,1
DA:10,1
DA:16,0
LF:3
LH:2
BRDA:19,0,0,1
BRDA:19,0,1,0
BRDA:22,1,0,1
BRDA:22,1,1,0
BRF:4
BRH:2
end_of_record
TN:
SF:src/interfaces/question.ts
FNF:0
FNH:0
LF:0
LH:0
BRF:0
BRH:0
end_of_record
TN:
SF:src/interfaces/quiz.ts
FNF:0
FNH:0
LF:0
LH:0
BRF:0
BRH:0
end_of_record
TN:
SF:src/quizzer/AddQuizModal.tsx
FN:4,(anonymous_0)
FN:15,(anonymous_1)
FN:33,(anonymous_2)
FN:42,(anonymous_3)
FN:50,(anonymous_4)
FNF:5
FNH:2
FNDA:25,(anonymous_0)
FNDA:1,(anonymous_1)
FNDA:0,(anonymous_2)
FNDA:0,(anonymous_3)
FNDA:0,(anonymous_4)
DA:4,2
DA:12,25
DA:13,25
DA:15,25
DA:16,1
DA:17,1
DA:18,1
DA:19,1
DA:22,25
DA:35,0
DA:43,0
DA:51,0
DA:52,0
DA:53,0
LF:14
LH:9
BRF:0
BRH:0
end_of_record
TN:
SF:src/quizzer/QuestionEdit.tsx
FN:7,(anonymous_0)
FN:22,(anonymous_1)
FN:25,(anonymous_2)
FN:37,(anonymous_3)
FN:47,(anonymous_4)
FN:52,(anonymous_5)
FN:65,(anonymous_6)
FN:88,(anonymous_7)
FN:161,(anonymous_8)
FN:176,(anonymous_9)
FN:195,(anonymous_10)
FN:215,(anonymous_11)
FN:224,(anonymous_12)
FN:240,(anonymous_13)
FN:249,(anonymous_14)
FNF:15
FNH:0
FNDA:0,(anonymous_0)
FNDA:0,(anonymous_1)
FNDA:0,(anonymous_2)
FNDA:0,(anonymous_3)
FNDA:0,(anonymous_4)
FNDA:0,(anonymous_5)
FNDA:0,(anonymous_6)
FNDA:0,(anonymous_7)
FNDA:0,(anonymous_8)
FNDA:0,(anonymous_9)
FNDA:0,(anonymous_10)
FNDA:0,(anonymous_11)
FNDA:0,(anonymous_12)
FNDA:0,(anonymous_13)
FNDA:0,(anonymous_14)
DA:7,2
DA:21,0
DA:22,0
DA:25,0
DA:26,0
DA:28,0
DA:29,0
DA:37,0
DA:38,0
DA:39,0
DA:47,0
DA:48,0
DA:49,0
DA:52,0
DA:56,0
DA:57,0
DA:58,0
DA:65,0
DA:66,0
DA:67,0
DA:68,0
DA:74,0
DA:91,0
DA:164,0
DA:177,0
DA:198,0
DA:216,0
DA:225,0
DA:241,0
DA:250,0
LF:30
LH:1
BRDA:28,0,0,0
BRDA:28,0,1,0
BRDA:61,1,0,0
BRDA:61,1,1,0
BRDA:110,2,0,0
BRDA:110,2,1,0
BRDA:141,3,0,0
BRDA:141,3,1,0
BRDA:156,4,0,0
BRDA:156,4,1,0
BRDA:172,5,0,0
BRDA:172,5,1,0
BRF:12
BRH:0
end_of_record
TN:
SF:src/quizzer/QuizCard.tsx
FN:7,(anonymous_0)
FN:14,(anonymous_1)
FN:23,(anonymous_2)
FNF:3
FNH:3
FNDA:86,(anonymous_0)
FNDA:340,(anonymous_1)
FNDA:10,(anonymous_2)
DA:7,2
DA:13,86
DA:15,340
DA:18,86
DA:24,10
LF:5
LH:5
BRDA:15,0,0,340
BRDA:15,0,1,289
BRDA:15,0,2,153
BRDA:31,1,0,86
BRDA:31,1,1,0
BRF:5
BRH:4
end_of_record
TN:
SF:src/quizzer/QuizEdit.tsx
FN:9,(anonymous_0)
FN:23,(anonymous_1)
FN:26,(anonymous_2)
FN:31,(anonymous_3)
FN:34,(anonymous_4)
FN:38,(anonymous_5)
FN:42,(anonymous_6)
FN:46,(anonymous_7)
FN:64,(anonymous_8)
FN:81,(anonymous_9)
FN:96,(anonymous_10)
FN:104,(anonymous_11)
FN:120,(anonymous_12)
FN:146,(anonymous_13)
FN:159,(anonymous_14)
FNF:15
FNH:0
FNDA:0,(anonymous_0)
FNDA:0,(anonymous_1)
FNDA:0,(anonymous_2)
FNDA:0,(anonymous_3)
FNDA:0,(anonymous_4)
FNDA:0,(anonymous_5)
FNDA:0,(anonymous_6)
FNDA:0,(anonymous_7)
FNDA:0,(anonymous_8)
FNDA:0,(anonymous_9)
FNDA:0,(anonymous_10)
FNDA:0,(anonymous_11)
FNDA:0,(anonymous_12)
FNDA:0,(anonymous_13)
FNDA:0,(anonymous_14)
DA:9,2
DA:21,0
DA:23,0
DA:24,0
DA:26,0
DA:31,0
DA:32,0
DA:34,0
DA:38,0
DA:39,0
DA:42,0
DA:43,0
DA:47,0
DA:48,0
DA:49,0
DA:55,0
DA:67,0
DA:84,0
DA:97,0
DA:105,0
DA:121,0
DA:147,0
DA:148,0
DA:160,0
DA:161,0
LF:25
LH:1
BRDA:26,0,0,0
BRDA:26,0,1,0
BRDA:47,1,0,0
BRDA:47,1,1,0
BRDA:48,2,0,0
BRDA:48,2,1,0
BRF:6
BRH:0
end_of_record
TN:
SF:src/quizzer/QuizExpanded.tsx
FN:9,(anonymous_0)
FN:20,(anonymous_1)
FN:29,(anonymous_2)
FN:36,(anonymous_3)
FN:40,(anonymous_4)
FN:41,(anonymous_5)
FN:44,(anonymous_6)
FN:49,(anonymous_7)
FN:56,(anonymous_8)
FN:60,(anonymous_9)
FN:78,(anonymous_10)
FN:95,(anonymous_11)
FNF:12
FNH:10
FNDA:19,(anonymous_0)
FNDA:76,(anonymous_1)
FNDA:1,(anonymous_2)
FNDA:38,(anonymous_3)
FNDA:0,(anonymous_4)
FNDA:0,(anonymous_5)
FNDA:6,(anonymous_6)
FNDA:24,(anonymous_7)
FNDA:2,(anonymous_8)
FNDA:8,(anonymous_9)
FNDA:6,(anonymous_10)
FNDA:38,(anonymous_11)
DA:9,2
DA:19,19
DA:21,76
DA:24,19
DA:25,19
DA:29,19
DA:30,1
DA:31,1
DA:32,1
DA:35,19
DA:36,38
DA:40,19
DA:41,0
DA:44,19
DA:45,6
DA:46,6
DA:49,24
DA:53,6
DA:56,19
DA:58,2
DA:60,8
DA:64,19
DA:79,6
DA:80,6
DA:96,38
LF:25
LH:24
BRDA:21,0,0,76
BRDA:21,0,1,76
BRDA:21,0,2,38
BRDA:60,1,0,2
BRDA:60,1,1,6
BRDA:71,2,0,19
BRDA:71,2,1,0
BRF:7
BRH:6
end_of_record
TN:
SF:src/quizzer/QuizList.tsx
FN:8,(anonymous_0)
FN:20,(anonymous_1)
FN:24,(anonymous_2)
FN:32,(anonymous_3)
FN:44,(anonymous_4)
FNF:5
FNH:4
FNDA:35,(anonymous_0)
FNDA:10,(anonymous_1)
FNDA:0,(anonymous_2)
FNDA:86,(anonymous_3)
FNDA:176,(anonymous_4)
DA:8,2
DA:18,35
DA:20,35
DA:21,10
DA:24,35
DA:25,0
DA:28,35
DA:33,86
DA:45,176
LF:9
LH:8
BRDA:30,0,0,35
BRDA:30,0,1,17
BRDA:45,1,0,18
BRDA:45,1,1,158
BRF:4
BRH:4
end_of_record
TN:
SF:src/quizzer/QuizQuestion.tsx
FN:8,(anonymous_0)
FN:22,(anonymous_1)
FN:28,(anonymous_2)
FN:60,(anonymous_3)
FNF:4
FNH:4
FNDA:38,(anonymous_0)
FNDA:2,(anonymous_1)
FNDA:1,(anonymous_2)
FNDA:57,(anonymous_3)
DA:8,2
DA:22,38
DA:23,2
DA:24,2
DA:28,38
DA:29,1
DA:30,1
DA:31,0
DA:35,38
DA:61,57
LF:10
LH:9
BRDA:23,0,0,2
BRDA:23,0,1,0
BRDA:30,1,0,0
BRDA:30,1,1,1
BRDA:44,2,0,0
BRDA:44,2,1,38
BRDA:48,3,0,38
BRDA:48,3,1,19
BRDA:57,4,0,38
BRDA:57,4,1,19
BRDA:75,5,0,1
BRDA:75,5,1,37
BRDA:76,6,0,0
BRDA:76,6,1,38
BRF:14
BRH:10
end_of_record
TN:
SF:src/quizzer/QuizView.tsx
FN:8,(anonymous_0)
FN:20,(anonymous_1)
FNF:2
FNH:2
FNDA:18,(anonymous_0)
FNDA:6,(anonymous_1)
DA:8,2
DA:18,18
DA:20,18
DA:21,6
DA:24,18
LF:5
LH:5
BRDA:26,0,0,18
BRDA:26,0,1,0
BRDA:35,1,0,18
BRDA:35,1,1,18
BRF:4
BRH:3
end_of_record
TN:
SF:src/quizzer/Quizzer.tsx
FN:11,(anonymous_0)
FN:14,(anonymous_1)
FN:23,(anonymous_2)
FN:27,editQuiz
FN:29,(anonymous_4)
FN:33,addQuiz
FN:38,deleteQuiz
FN:39,(anonymous_7)
FN:42,(anonymous_8)
FN:43,(anonymous_9)
FNF:10
FNH:8
FNDA:10,(anonymous_0)
FNDA:40,(anonymous_1)
FNDA:25,(anonymous_2)
FNDA:8,editQuiz
FNDA:40,(anonymous_4)
FNDA:1,addQuiz
FNDA:0,deleteQuiz
FNDA:0,(anonymous_7)
FNDA:1,(anonymous_8)
FNDA:1,(anonymous_9)
DA:10,2
DA:11,10
DA:14,40
DA:23,2
DA:24,25
DA:25,25
DA:28,8
DA:29,40
DA:34,1
DA:35,1
DA:39,0
DA:42,25
DA:43,25
DA:45,25
LF:14
LH:13
BRDA:29,0,0,8
BRDA:29,0,1,32
BRF:2
BRH:2
end_of_record
